[0.000000] (-) TimerEvent: {}
[0.000916] (my_bot) JobQueued: {'identifier': 'my_bot', 'dependencies': OrderedDict()}
[0.001015] (my_bot) JobStarted: {'identifier': 'my_bot'}
[0.011519] (my_bot) JobProgress: {'identifier': 'my_bot', 'progress': 'cmake'}
[0.012033] (my_bot) JobProgress: {'identifier': 'my_bot', 'progress': 'build'}
[0.012620] (my_bot) Command: {'cmd': ['/usr/bin/cmake', '--build', '/home/bruno/dev_ws/build/my_bot', '--', '-j8', '-l8'], 'cwd': '/home/bruno/dev_ws/build/my_bot', 'env': OrderedDict([('USER', 'bruno'), ('XDG_SESSION_TYPE', 'wayland'), ('SHLVL', '1'), ('LD_LIBRARY_PATH', '/usr/lib/x86_64-linux-gnu/gazebo-11/plugins:/opt/ros/humble/opt/rviz_ogre_vendor/lib:/opt/ros/humble/lib/x86_64-linux-gnu:/opt/ros/humble/lib'), ('HOME', '/home/bruno'), ('OLDPWD', '/home/bruno'), ('DESKTOP_SESSION', 'ubuntu'), ('ROS_PYTHON_VERSION', '3'), ('GNOME_SHELL_SESSION_MODE', 'ubuntu'), ('GTK_MODULES', 'gail:atk-bridge'), ('SYSTEMD_EXEC_PID', '1068'), ('DBUS_SESSION_BUS_ADDRESS', 'unix:path=/run/user/1000/bus'), ('COLORTERM', 'truecolor'), ('IM_CONFIG_PHASE', '1'), ('WAYLAND_DISPLAY', 'wayland-0'), ('COLCON_PREFIX_PATH', '/home/bruno/dev_ws/install'), ('ROS_DISTRO', 'humble'), ('LOGNAME', 'bruno'), ('_', '/usr/bin/colcon'), ('ROS_VERSION', '2'), ('XDG_SESSION_CLASS', 'user'), ('USERNAME', 'bruno'), ('TERM', 'xterm-256color'), ('GNOME_DESKTOP_SESSION_ID', 'this-is-deprecated'), ('ROS_LOCALHOST_ONLY', '0'), ('PATH', '/opt/ros/humble/bin:/usr/local/sbin:/usr/local/bin:/usr/sbin:/usr/bin:/sbin:/bin:/usr/games:/usr/local/games:/snap/bin:/snap/bin'), ('SESSION_MANAGER', 'local/bruno-Aspire:@/tmp/.ICE-unix/1050,unix/bruno-Aspire:/tmp/.ICE-unix/1050'), ('XDG_MENU_PREFIX', 'gnome-'), ('GNOME_TERMINAL_SCREEN', '/org/gnome/Terminal/screen/e75d9871_d7e8_450e_8623_59939f5d162c'), ('GNOME_SETUP_DISPLAY', ':1'), ('XDG_RUNTIME_DIR', '/run/user/1000'), ('DISPLAY', ':0'), ('LANG', 'pt_BR.UTF-8'), ('XDG_CURRENT_DESKTOP', 'ubuntu:GNOME'), ('XMODIFIERS', '@im=ibus'), ('XDG_SESSION_DESKTOP', 'ubuntu'), ('XAUTHORITY', '/run/user/1000/.mutter-Xwaylandauth.BSFTX1'), ('GNOME_TERMINAL_SERVICE', ':1.133'), ('SSH_AGENT_LAUNCHER', 'gnome-keyring'), ('SSH_AUTH_SOCK', '/run/user/1000/keyring/ssh'), ('AMENT_PREFIX_PATH', '/home/bruno/dev_ws/install/my_bot:/opt/ros/humble'), ('SHELL', '/bin/bash'), ('QT_ACCESSIBILITY', '1'), ('GDMSESSION', 'ubuntu'), ('QT_IM_MODULE', 'ibus'), ('PWD', '/home/bruno/dev_ws/build/my_bot'), ('LC_ALL', 'pt_BR.UTF-8'), ('XDG_CONFIG_DIRS', '/etc/xdg/xdg-ubuntu:/etc/xdg'), ('XDG_DATA_DIRS', '/usr/share/ubuntu:/usr/local/share/:/usr/share/:/var/lib/snapd/desktop'), ('PYTHONPATH', '/opt/ros/humble/lib/python3.10/site-packages:/opt/ros/humble/local/lib/python3.10/dist-packages'), ('COLCON', '1'), ('VTE_VERSION', '6800'), ('CMAKE_PREFIX_PATH', '/home/bruno/dev_ws/install/my_bot:/opt/ros/humble')]), 'shell': False}
[0.046858] (my_bot) CommandEnded: {'returncode': 0}
[0.063736] (my_bot) JobProgress: {'identifier': 'my_bot', 'progress': 'install'}
[0.071472] (my_bot) Command: {'cmd': ['/usr/bin/cmake', '--install', '/home/bruno/dev_ws/build/my_bot'], 'cwd': '/home/bruno/dev_ws/build/my_bot', 'env': OrderedDict([('USER', 'bruno'), ('XDG_SESSION_TYPE', 'wayland'), ('SHLVL', '1'), ('LD_LIBRARY_PATH', '/usr/lib/x86_64-linux-gnu/gazebo-11/plugins:/opt/ros/humble/opt/rviz_ogre_vendor/lib:/opt/ros/humble/lib/x86_64-linux-gnu:/opt/ros/humble/lib'), ('HOME', '/home/bruno'), ('OLDPWD', '/home/bruno'), ('DESKTOP_SESSION', 'ubuntu'), ('ROS_PYTHON_VERSION', '3'), ('GNOME_SHELL_SESSION_MODE', 'ubuntu'), ('GTK_MODULES', 'gail:atk-bridge'), ('SYSTEMD_EXEC_PID', '1068'), ('DBUS_SESSION_BUS_ADDRESS', 'unix:path=/run/user/1000/bus'), ('COLORTERM', 'truecolor'), ('IM_CONFIG_PHASE', '1'), ('WAYLAND_DISPLAY', 'wayland-0'), ('COLCON_PREFIX_PATH', '/home/bruno/dev_ws/install'), ('ROS_DISTRO', 'humble'), ('LOGNAME', 'bruno'), ('_', '/usr/bin/colcon'), ('ROS_VERSION', '2'), ('XDG_SESSION_CLASS', 'user'), ('USERNAME', 'bruno'), ('TERM', 'xterm-256color'), ('GNOME_DESKTOP_SESSION_ID', 'this-is-deprecated'), ('ROS_LOCALHOST_ONLY', '0'), ('PATH', '/opt/ros/humble/bin:/usr/local/sbin:/usr/local/bin:/usr/sbin:/usr/bin:/sbin:/bin:/usr/games:/usr/local/games:/snap/bin:/snap/bin'), ('SESSION_MANAGER', 'local/bruno-Aspire:@/tmp/.ICE-unix/1050,unix/bruno-Aspire:/tmp/.ICE-unix/1050'), ('XDG_MENU_PREFIX', 'gnome-'), ('GNOME_TERMINAL_SCREEN', '/org/gnome/Terminal/screen/e75d9871_d7e8_450e_8623_59939f5d162c'), ('GNOME_SETUP_DISPLAY', ':1'), ('XDG_RUNTIME_DIR', '/run/user/1000'), ('DISPLAY', ':0'), ('LANG', 'pt_BR.UTF-8'), ('XDG_CURRENT_DESKTOP', 'ubuntu:GNOME'), ('XMODIFIERS', '@im=ibus'), ('XDG_SESSION_DESKTOP', 'ubuntu'), ('XAUTHORITY', '/run/user/1000/.mutter-Xwaylandauth.BSFTX1'), ('GNOME_TERMINAL_SERVICE', ':1.133'), ('SSH_AGENT_LAUNCHER', 'gnome-keyring'), ('SSH_AUTH_SOCK', '/run/user/1000/keyring/ssh'), ('AMENT_PREFIX_PATH', '/home/bruno/dev_ws/install/my_bot:/opt/ros/humble'), ('SHELL', '/bin/bash'), ('QT_ACCESSIBILITY', '1'), ('GDMSESSION', 'ubuntu'), ('QT_IM_MODULE', 'ibus'), ('PWD', '/home/bruno/dev_ws/build/my_bot'), ('LC_ALL', 'pt_BR.UTF-8'), ('XDG_CONFIG_DIRS', '/etc/xdg/xdg-ubuntu:/etc/xdg'), ('XDG_DATA_DIRS', '/usr/share/ubuntu:/usr/local/share/:/usr/share/:/var/lib/snapd/desktop'), ('PYTHONPATH', '/opt/ros/humble/lib/python3.10/site-packages:/opt/ros/humble/local/lib/python3.10/dist-packages'), ('COLCON', '1'), ('VTE_VERSION', '6800'), ('CMAKE_PREFIX_PATH', '/home/bruno/dev_ws/install/my_bot:/opt/ros/humble')]), 'shell': False}
[0.077834] (my_bot) StdoutLine: {'line': b'-- Install configuration: ""\n'}
[0.078272] (my_bot) StdoutLine: {'line': b'-- Execute custom install script\n'}
[0.078526] (my_bot) StdoutLine: {'line': b'-- Up-to-date symlink: /home/bruno/dev_ws/install/my_bot/share/my_bot/config/empty.yaml\n'}
[0.078707] (my_bot) StdoutLine: {'line': b'-- Up-to-date symlink: /home/bruno/dev_ws/install/my_bot/share/my_bot/description/gazebo_control.xacro\n'}
[0.078824] (my_bot) StdoutLine: {'line': b'-- Up-to-date symlink: /home/bruno/dev_ws/install/my_bot/share/my_bot/description/inertial_macros.xacro\n'}
[0.078938] (my_bot) StdoutLine: {'line': b'-- Up-to-date symlink: /home/bruno/dev_ws/install/my_bot/share/my_bot/description/robot.urdf.xacro\n'}
[0.079045] (my_bot) StdoutLine: {'line': b'-- Up-to-date symlink: /home/bruno/dev_ws/install/my_bot/share/my_bot/description/robot_core.xacro\n'}
[0.079201] (my_bot) StdoutLine: {'line': b'-- Up-to-date symlink: /home/bruno/dev_ws/install/my_bot/share/my_bot/launch/launch_sim.launch.py\n'}
[0.079300] (my_bot) StdoutLine: {'line': b'-- Up-to-date symlink: /home/bruno/dev_ws/install/my_bot/share/my_bot/launch/rsp.launch.py\n'}
[0.079458] (my_bot) StdoutLine: {'line': b'-- Up-to-date symlink: /home/bruno/dev_ws/install/my_bot/share/my_bot/worlds/empty.world\n'}
[0.079618] (my_bot) StdoutLine: {'line': b'-- Up-to-date symlink: /home/bruno/dev_ws/install/my_bot/share/ament_index/resource_index/package_run_dependencies/my_bot\n'}
[0.079730] (my_bot) StdoutLine: {'line': b'-- Up-to-date symlink: /home/bruno/dev_ws/install/my_bot/share/ament_index/resource_index/parent_prefix_path/my_bot\n'}
[0.079961] (my_bot) StdoutLine: {'line': b'-- Up-to-date symlink: /home/bruno/dev_ws/install/my_bot/share/my_bot/environment/ament_prefix_path.sh\n'}
[0.080124] (my_bot) StdoutLine: {'line': b'-- Up-to-date symlink: /home/bruno/dev_ws/install/my_bot/share/my_bot/environment/ament_prefix_path.dsv\n'}
[0.080256] (my_bot) StdoutLine: {'line': b'-- Up-to-date symlink: /home/bruno/dev_ws/install/my_bot/share/my_bot/environment/path.sh\n'}
[0.080394] (my_bot) StdoutLine: {'line': b'-- Up-to-date symlink: /home/bruno/dev_ws/install/my_bot/share/my_bot/environment/path.dsv\n'}
[0.080538] (my_bot) StdoutLine: {'line': b'-- Up-to-date symlink: /home/bruno/dev_ws/install/my_bot/share/my_bot/local_setup.bash\n'}
[0.080682] (my_bot) StdoutLine: {'line': b'-- Up-to-date symlink: /home/bruno/dev_ws/install/my_bot/share/my_bot/local_setup.sh\n'}
[0.080816] (my_bot) StdoutLine: {'line': b'-- Up-to-date symlink: /home/bruno/dev_ws/install/my_bot/share/my_bot/local_setup.zsh\n'}
[0.080963] (my_bot) StdoutLine: {'line': b'-- Up-to-date symlink: /home/bruno/dev_ws/install/my_bot/share/my_bot/local_setup.dsv\n'}
[0.081102] (my_bot) StdoutLine: {'line': b'-- Symlinking: /home/bruno/dev_ws/install/my_bot/share/my_bot/package.dsv\n'}
[0.089294] (my_bot) StdoutLine: {'line': b'-- Up-to-date symlink: /home/bruno/dev_ws/install/my_bot/share/ament_index/resource_index/packages/my_bot\n'}
[0.089483] (my_bot) StdoutLine: {'line': b'-- Up-to-date symlink: /home/bruno/dev_ws/install/my_bot/share/my_bot/cmake/my_botConfig.cmake\n'}
[0.089583] (my_bot) StdoutLine: {'line': b'-- Up-to-date symlink: /home/bruno/dev_ws/install/my_bot/share/my_bot/cmake/my_botConfig-version.cmake\n'}
[0.089707] (my_bot) StdoutLine: {'line': b'-- Up-to-date symlink: /home/bruno/dev_ws/install/my_bot/share/my_bot/package.xml\n'}
[0.091681] (my_bot) CommandEnded: {'returncode': 0}
[0.099377] (-) TimerEvent: {}
[0.135840] (my_bot) JobEnded: {'identifier': 'my_bot', 'rc': 0}
[0.136436] (-) EventReactorShutdown: {}
