[0.000000] (-) TimerEvent: {}
[0.000910] (my_bot) JobQueued: {'identifier': 'my_bot', 'dependencies': OrderedDict()}
[0.001729] (my_bot) JobStarted: {'identifier': 'my_bot'}
[0.015241] (my_bot) JobProgress: {'identifier': 'my_bot', 'progress': 'cmake'}
[0.015806] (my_bot) JobProgress: {'identifier': 'my_bot', 'progress': 'build'}
[0.016505] (my_bot) Command: {'cmd': ['/usr/bin/cmake', '--build', '/home/bruno/dev_ws/build/my_bot', '--', '-j8', '-l8'], 'cwd': '/home/bruno/dev_ws/build/my_bot', 'env': OrderedDict([('USER', 'bruno'), ('XDG_SESSION_TYPE', 'wayland'), ('LD_LIBRARY_PATH', '/usr/lib/x86_64-linux-gnu/gazebo-11/plugins:/opt/ros/humble/opt/rviz_ogre_vendor/lib:/opt/ros/humble/lib/x86_64-linux-gnu:/opt/ros/humble/lib'), ('SHLVL', '1'), ('OLDPWD', '/home/bruno/dev_ws/src'), ('HOME', '/home/bruno'), ('DESKTOP_SESSION', 'ubuntu'), ('GNOME_SHELL_SESSION_MODE', 'ubuntu'), ('ROS_PYTHON_VERSION', '3'), ('GTK_MODULES', 'gail:atk-bridge'), ('MAKEFLAGS', ''), ('DBUS_SESSION_BUS_ADDRESS', 'unix:path=/run/user/1000/bus,guid=464021c6067c1fbfe8631eab63ac1e7b'), ('SYSTEMD_EXEC_PID', '1087'), ('DBUS_STARTER_BUS_TYPE', 'session'), ('COLORTERM', 'truecolor'), ('MAKE_TERMERR', '/dev/pts/0'), ('WAYLAND_DISPLAY', 'wayland-0'), ('ROS_DISTRO', 'humble'), ('COLCON_PREFIX_PATH', '/home/bruno/dev_ws/install'), ('IM_CONFIG_PHASE', '1'), ('LOGNAME', 'bruno'), ('_', '/usr/bin/make'), ('ROS_VERSION', '2'), ('XDG_SESSION_CLASS', 'user'), ('USERNAME', 'bruno'), ('TERM', 'xterm-256color'), ('GNOME_DESKTOP_SESSION_ID', 'this-is-deprecated'), ('ROS_LOCALHOST_ONLY', '0'), ('PATH', '/opt/ros/humble/bin:/usr/local/sbin:/usr/local/bin:/usr/sbin:/usr/bin:/sbin:/bin:/usr/games:/usr/local/games:/snap/bin:/snap/bin'), ('SESSION_MANAGER', 'local/bruno-Aspire:@/tmp/.ICE-unix/1087,unix/bruno-Aspire:/tmp/.ICE-unix/1087'), ('GNOME_TERMINAL_SCREEN', '/org/gnome/Terminal/screen/f962a3bc_48c3_4bb4_a5e5_e79a14f2121c'), ('GNOME_SETUP_DISPLAY', ':1'), ('XDG_RUNTIME_DIR', '/run/user/1000'), ('XDG_MENU_PREFIX', 'gnome-'), ('MAKELEVEL', '1'), ('DISPLAY', ':0'), ('LANG', 'pt_BR.UTF-8'), ('XDG_CURRENT_DESKTOP', 'ubuntu:GNOME'), ('XAUTHORITY', '/run/user/1000/.mutter-Xwaylandauth.4WOVX1'), ('GNOME_TERMINAL_SERVICE', ':1.5509'), ('XDG_SESSION_DESKTOP', 'ubuntu'), ('XMODIFIERS', '@im=ibus'), ('SSH_AGENT_LAUNCHER', 'gnome-keyring'), ('AMENT_PREFIX_PATH', '/home/bruno/dev_ws/install/my_bot:/opt/ros/humble'), ('SSH_AUTH_SOCK', '/run/user/1000/keyring/ssh'), ('SHELL', '/bin/bash'), ('QT_ACCESSIBILITY', '1'), ('MAKE_TERMOUT', '/dev/pts/0'), ('GDMSESSION', 'ubuntu'), ('QT_IM_MODULE', 'ibus'), ('LC_ALL', 'pt_BR.UTF-8'), ('PWD', '/home/bruno/dev_ws/build/my_bot'), ('XDG_DATA_DIRS', '/usr/share/ubuntu:/usr/local/share/:/usr/share/:/var/lib/snapd/desktop'), ('DBUS_STARTER_ADDRESS', 'unix:path=/run/user/1000/bus,guid=464021c6067c1fbfe8631eab63ac1e7b'), ('XDG_CONFIG_DIRS', '/etc/xdg/xdg-ubuntu:/etc/xdg'), ('PYTHONPATH', '/opt/ros/humble/lib/python3.10/site-packages:/opt/ros/humble/local/lib/python3.10/dist-packages'), ('MFLAGS', ''), ('COLCON', '1'), ('VTE_VERSION', '6800'), ('CMAKE_PREFIX_PATH', '/home/bruno/dev_ws/install/my_bot:/opt/ros/humble')]), 'shell': False}
[0.028995] (my_bot) StdoutLine: {'line': b"gmake[1]: Entrando no diret\xc3\xb3rio '/home/bruno/dev_ws/build/my_bot'\n"}
[0.055058] (my_bot) StdoutLine: {'line': b"gmake[1]: Saindo do diret\xc3\xb3rio '/home/bruno/dev_ws/build/my_bot'\n"}
[0.057414] (my_bot) CommandEnded: {'returncode': 0}
[0.075854] (my_bot) JobProgress: {'identifier': 'my_bot', 'progress': 'install'}
[0.083990] (my_bot) Command: {'cmd': ['/usr/bin/cmake', '--install', '/home/bruno/dev_ws/build/my_bot'], 'cwd': '/home/bruno/dev_ws/build/my_bot', 'env': OrderedDict([('USER', 'bruno'), ('XDG_SESSION_TYPE', 'wayland'), ('LD_LIBRARY_PATH', '/usr/lib/x86_64-linux-gnu/gazebo-11/plugins:/opt/ros/humble/opt/rviz_ogre_vendor/lib:/opt/ros/humble/lib/x86_64-linux-gnu:/opt/ros/humble/lib'), ('SHLVL', '1'), ('OLDPWD', '/home/bruno/dev_ws/src'), ('HOME', '/home/bruno'), ('DESKTOP_SESSION', 'ubuntu'), ('GNOME_SHELL_SESSION_MODE', 'ubuntu'), ('ROS_PYTHON_VERSION', '3'), ('GTK_MODULES', 'gail:atk-bridge'), ('MAKEFLAGS', ''), ('DBUS_SESSION_BUS_ADDRESS', 'unix:path=/run/user/1000/bus,guid=464021c6067c1fbfe8631eab63ac1e7b'), ('SYSTEMD_EXEC_PID', '1087'), ('DBUS_STARTER_BUS_TYPE', 'session'), ('COLORTERM', 'truecolor'), ('MAKE_TERMERR', '/dev/pts/0'), ('WAYLAND_DISPLAY', 'wayland-0'), ('ROS_DISTRO', 'humble'), ('COLCON_PREFIX_PATH', '/home/bruno/dev_ws/install'), ('IM_CONFIG_PHASE', '1'), ('LOGNAME', 'bruno'), ('_', '/usr/bin/make'), ('ROS_VERSION', '2'), ('XDG_SESSION_CLASS', 'user'), ('USERNAME', 'bruno'), ('TERM', 'xterm-256color'), ('GNOME_DESKTOP_SESSION_ID', 'this-is-deprecated'), ('ROS_LOCALHOST_ONLY', '0'), ('PATH', '/opt/ros/humble/bin:/usr/local/sbin:/usr/local/bin:/usr/sbin:/usr/bin:/sbin:/bin:/usr/games:/usr/local/games:/snap/bin:/snap/bin'), ('SESSION_MANAGER', 'local/bruno-Aspire:@/tmp/.ICE-unix/1087,unix/bruno-Aspire:/tmp/.ICE-unix/1087'), ('GNOME_TERMINAL_SCREEN', '/org/gnome/Terminal/screen/f962a3bc_48c3_4bb4_a5e5_e79a14f2121c'), ('GNOME_SETUP_DISPLAY', ':1'), ('XDG_RUNTIME_DIR', '/run/user/1000'), ('XDG_MENU_PREFIX', 'gnome-'), ('MAKELEVEL', '1'), ('DISPLAY', ':0'), ('LANG', 'pt_BR.UTF-8'), ('XDG_CURRENT_DESKTOP', 'ubuntu:GNOME'), ('XAUTHORITY', '/run/user/1000/.mutter-Xwaylandauth.4WOVX1'), ('GNOME_TERMINAL_SERVICE', ':1.5509'), ('XDG_SESSION_DESKTOP', 'ubuntu'), ('XMODIFIERS', '@im=ibus'), ('SSH_AGENT_LAUNCHER', 'gnome-keyring'), ('AMENT_PREFIX_PATH', '/home/bruno/dev_ws/install/my_bot:/opt/ros/humble'), ('SSH_AUTH_SOCK', '/run/user/1000/keyring/ssh'), ('SHELL', '/bin/bash'), ('QT_ACCESSIBILITY', '1'), ('MAKE_TERMOUT', '/dev/pts/0'), ('GDMSESSION', 'ubuntu'), ('QT_IM_MODULE', 'ibus'), ('LC_ALL', 'pt_BR.UTF-8'), ('PWD', '/home/bruno/dev_ws/build/my_bot'), ('XDG_DATA_DIRS', '/usr/share/ubuntu:/usr/local/share/:/usr/share/:/var/lib/snapd/desktop'), ('DBUS_STARTER_ADDRESS', 'unix:path=/run/user/1000/bus,guid=464021c6067c1fbfe8631eab63ac1e7b'), ('XDG_CONFIG_DIRS', '/etc/xdg/xdg-ubuntu:/etc/xdg'), ('PYTHONPATH', '/opt/ros/humble/lib/python3.10/site-packages:/opt/ros/humble/local/lib/python3.10/dist-packages'), ('MFLAGS', ''), ('COLCON', '1'), ('VTE_VERSION', '6800'), ('CMAKE_PREFIX_PATH', '/home/bruno/dev_ws/install/my_bot:/opt/ros/humble')]), 'shell': False}
[0.092828] (my_bot) StdoutLine: {'line': b'-- Install configuration: ""\n'}
[0.093319] (my_bot) StdoutLine: {'line': b'-- Execute custom install script\n'}
[0.093750] (my_bot) StdoutLine: {'line': b'-- Up-to-date symlink: /home/bruno/dev_ws/install/my_bot/share/my_bot/config/drive_bot_rviz.rviz\n'}
[0.093949] (my_bot) StdoutLine: {'line': b'-- Up-to-date symlink: /home/bruno/dev_ws/install/my_bot/share/my_bot/config/empty.yaml\n'}
[0.094307] (my_bot) StdoutLine: {'line': b'-- Up-to-date symlink: /home/bruno/dev_ws/install/my_bot/share/my_bot/description/gazebo_control.xacro\n'}
[0.094496] (my_bot) StdoutLine: {'line': b'-- Up-to-date symlink: /home/bruno/dev_ws/install/my_bot/share/my_bot/description/inertial_macros.xacro\n'}
[0.094672] (my_bot) StdoutLine: {'line': b'-- Up-to-date symlink: /home/bruno/dev_ws/install/my_bot/share/my_bot/description/robot.urdf.xacro\n'}
[0.094826] (my_bot) StdoutLine: {'line': b'-- Up-to-date symlink: /home/bruno/dev_ws/install/my_bot/share/my_bot/description/robot_core.xacro\n'}
[0.094977] (my_bot) StdoutLine: {'line': b'-- Up-to-date symlink: /home/bruno/dev_ws/install/my_bot/share/my_bot/description/sensor.xacro\n'}
[0.095189] (my_bot) StdoutLine: {'line': b'-- Up-to-date symlink: /home/bruno/dev_ws/install/my_bot/share/my_bot/launch/launch_sim.launch.py\n'}
[0.095420] (my_bot) StdoutLine: {'line': b'-- Up-to-date symlink: /home/bruno/dev_ws/install/my_bot/share/my_bot/launch/rsp.launch.py\n'}
[0.095686] (my_bot) StdoutLine: {'line': b'-- Up-to-date symlink: /home/bruno/dev_ws/install/my_bot/share/my_bot/worlds/empty.world\n'}
[0.095845] (my_bot) StdoutLine: {'line': b'-- Up-to-date symlink: /home/bruno/dev_ws/install/my_bot/share/my_bot/worlds/obstacle.world\n'}
[0.096306] (my_bot) StdoutLine: {'line': b'-- Up-to-date symlink: /home/bruno/dev_ws/install/my_bot/share/ament_index/resource_index/package_run_dependencies/my_bot\n'}
[0.096540] (my_bot) StdoutLine: {'line': b'-- Up-to-date symlink: /home/bruno/dev_ws/install/my_bot/share/ament_index/resource_index/parent_prefix_path/my_bot\n'}
[0.096774] (my_bot) StdoutLine: {'line': b'-- Up-to-date symlink: /home/bruno/dev_ws/install/my_bot/share/my_bot/environment/ament_prefix_path.sh\n'}
[0.096984] (my_bot) StdoutLine: {'line': b'-- Up-to-date symlink: /home/bruno/dev_ws/install/my_bot/share/my_bot/environment/ament_prefix_path.dsv\n'}
[0.097214] (my_bot) StdoutLine: {'line': b'-- Up-to-date symlink: /home/bruno/dev_ws/install/my_bot/share/my_bot/environment/path.sh\n'}
[0.097409] (my_bot) StdoutLine: {'line': b'-- Up-to-date symlink: /home/bruno/dev_ws/install/my_bot/share/my_bot/environment/path.dsv\n'}
[0.097653] (my_bot) StdoutLine: {'line': b'-- Up-to-date symlink: /home/bruno/dev_ws/install/my_bot/share/my_bot/local_setup.bash\n'}
[0.097862] (my_bot) StdoutLine: {'line': b'-- Up-to-date symlink: /home/bruno/dev_ws/install/my_bot/share/my_bot/local_setup.sh\n'}
[0.098077] (my_bot) StdoutLine: {'line': b'-- Up-to-date symlink: /home/bruno/dev_ws/install/my_bot/share/my_bot/local_setup.zsh\n'}
[0.098305] (my_bot) StdoutLine: {'line': b'-- Up-to-date symlink: /home/bruno/dev_ws/install/my_bot/share/my_bot/local_setup.dsv\n'}
[0.098463] (my_bot) StdoutLine: {'line': b'-- Symlinking: /home/bruno/dev_ws/install/my_bot/share/my_bot/package.dsv\n'}
[0.100010] (-) TimerEvent: {}
[0.107380] (my_bot) StdoutLine: {'line': b'-- Up-to-date symlink: /home/bruno/dev_ws/install/my_bot/share/ament_index/resource_index/packages/my_bot\n'}
[0.107590] (my_bot) StdoutLine: {'line': b'-- Up-to-date symlink: /home/bruno/dev_ws/install/my_bot/share/my_bot/cmake/my_botConfig.cmake\n'}
[0.107706] (my_bot) StdoutLine: {'line': b'-- Up-to-date symlink: /home/bruno/dev_ws/install/my_bot/share/my_bot/cmake/my_botConfig-version.cmake\n'}
[0.107822] (my_bot) StdoutLine: {'line': b'-- Up-to-date symlink: /home/bruno/dev_ws/install/my_bot/share/my_bot/package.xml\n'}
[0.110056] (my_bot) CommandEnded: {'returncode': 0}
[0.161921] (my_bot) JobEnded: {'identifier': 'my_bot', 'rc': 0}
[0.162553] (-) EventReactorShutdown: {}
