[0.000000] (-) TimerEvent: {}
[0.000157] (my_bot) JobQueued: {'identifier': 'my_bot', 'dependencies': OrderedDict()}
[0.000440] (my_bot) JobStarted: {'identifier': 'my_bot'}
[0.012950] (my_bot) JobProgress: {'identifier': 'my_bot', 'progress': 'cmake'}
[0.013559] (my_bot) JobProgress: {'identifier': 'my_bot', 'progress': 'build'}
[0.014314] (my_bot) Command: {'cmd': ['/usr/bin/cmake', '--build', '/home/bruno/dev_ws/build/my_bot', '--', '-j8', '-l8'], 'cwd': '/home/bruno/dev_ws/build/my_bot', 'env': OrderedDict([('USER', 'bruno'), ('XDG_SESSION_TYPE', 'wayland'), ('LD_LIBRARY_PATH', '/usr/lib/x86_64-linux-gnu/gazebo-11/plugins:/opt/ros/humble/opt/rviz_ogre_vendor/lib:/opt/ros/humble/lib/x86_64-linux-gnu:/opt/ros/humble/lib'), ('SHLVL', '1'), ('OLDPWD', '/home/bruno'), ('HOME', '/home/bruno'), ('DESKTOP_SESSION', 'ubuntu'), ('GNOME_SHELL_SESSION_MODE', 'ubuntu'), ('ROS_PYTHON_VERSION', '3'), ('GTK_MODULES', 'gail:atk-bridge'), ('MAKEFLAGS', ''), ('DBUS_SESSION_BUS_ADDRESS', 'unix:path=/run/user/1000/bus'), ('SYSTEMD_EXEC_PID', '1065'), ('COLORTERM', 'truecolor'), ('MAKE_TERMERR', '/dev/pts/0'), ('WAYLAND_DISPLAY', 'wayland-0'), ('ROS_DISTRO', 'humble'), ('COLCON_PREFIX_PATH', '/home/bruno/dev_ws/install'), ('IM_CONFIG_PHASE', '1'), ('LOGNAME', 'bruno'), ('_', '/usr/bin/make'), ('ROS_VERSION', '2'), ('XDG_SESSION_CLASS', 'user'), ('USERNAME', 'bruno'), ('TERM', 'xterm-256color'), ('GNOME_DESKTOP_SESSION_ID', 'this-is-deprecated'), ('ROS_LOCALHOST_ONLY', '0'), ('PATH', '/opt/ros/humble/bin:/usr/local/sbin:/usr/local/bin:/usr/sbin:/usr/bin:/sbin:/bin:/usr/games:/usr/local/games:/snap/bin:/snap/bin'), ('SESSION_MANAGER', 'local/bruno-Aspire:@/tmp/.ICE-unix/1047,unix/bruno-Aspire:/tmp/.ICE-unix/1047'), ('GNOME_TERMINAL_SCREEN', '/org/gnome/Terminal/screen/a68dccba_79cc_4ced_be96_56a0630cedc6'), ('GNOME_SETUP_DISPLAY', ':1'), ('XDG_RUNTIME_DIR', '/run/user/1000'), ('XDG_MENU_PREFIX', 'gnome-'), ('MAKELEVEL', '1'), ('DISPLAY', ':0'), ('LANG', 'pt_BR.UTF-8'), ('XDG_CURRENT_DESKTOP', 'ubuntu:GNOME'), ('XAUTHORITY', '/run/user/1000/.mutter-Xwaylandauth.6ENSX1'), ('GNOME_TERMINAL_SERVICE', ':1.197'), ('XDG_SESSION_DESKTOP', 'ubuntu'), ('XMODIFIERS', '@im=ibus'), ('SSH_AGENT_LAUNCHER', 'gnome-keyring'), ('AMENT_PREFIX_PATH', '/home/bruno/dev_ws/install/my_bot:/opt/ros/humble'), ('SSH_AUTH_SOCK', '/run/user/1000/keyring/ssh'), ('SHELL', '/bin/bash'), ('QT_ACCESSIBILITY', '1'), ('MAKE_TERMOUT', '/dev/pts/0'), ('GDMSESSION', 'ubuntu'), ('QT_IM_MODULE', 'ibus'), ('LC_ALL', 'pt_BR.UTF-8'), ('PWD', '/home/bruno/dev_ws/build/my_bot'), ('XDG_DATA_DIRS', '/usr/share/ubuntu:/usr/local/share/:/usr/share/:/var/lib/snapd/desktop'), ('XDG_CONFIG_DIRS', '/etc/xdg/xdg-ubuntu:/etc/xdg'), ('PYTHONPATH', '/opt/ros/humble/lib/python3.10/site-packages:/opt/ros/humble/local/lib/python3.10/dist-packages'), ('MFLAGS', ''), ('COLCON', '1'), ('VTE_VERSION', '6800'), ('CMAKE_PREFIX_PATH', '/home/bruno/dev_ws/install/my_bot:/opt/ros/humble')]), 'shell': False}
[0.023032] (my_bot) StdoutLine: {'line': b"gmake[1]: Entrando no diret\xc3\xb3rio '/home/bruno/dev_ws/build/my_bot'\n"}
[0.046682] (my_bot) StdoutLine: {'line': b"gmake[1]: Saindo do diret\xc3\xb3rio '/home/bruno/dev_ws/build/my_bot'\n"}
[0.048039] (my_bot) CommandEnded: {'returncode': 0}
[0.063915] (my_bot) JobProgress: {'identifier': 'my_bot', 'progress': 'install'}
[0.070945] (my_bot) Command: {'cmd': ['/usr/bin/cmake', '--install', '/home/bruno/dev_ws/build/my_bot'], 'cwd': '/home/bruno/dev_ws/build/my_bot', 'env': OrderedDict([('USER', 'bruno'), ('XDG_SESSION_TYPE', 'wayland'), ('LD_LIBRARY_PATH', '/usr/lib/x86_64-linux-gnu/gazebo-11/plugins:/opt/ros/humble/opt/rviz_ogre_vendor/lib:/opt/ros/humble/lib/x86_64-linux-gnu:/opt/ros/humble/lib'), ('SHLVL', '1'), ('OLDPWD', '/home/bruno'), ('HOME', '/home/bruno'), ('DESKTOP_SESSION', 'ubuntu'), ('GNOME_SHELL_SESSION_MODE', 'ubuntu'), ('ROS_PYTHON_VERSION', '3'), ('GTK_MODULES', 'gail:atk-bridge'), ('MAKEFLAGS', ''), ('DBUS_SESSION_BUS_ADDRESS', 'unix:path=/run/user/1000/bus'), ('SYSTEMD_EXEC_PID', '1065'), ('COLORTERM', 'truecolor'), ('MAKE_TERMERR', '/dev/pts/0'), ('WAYLAND_DISPLAY', 'wayland-0'), ('ROS_DISTRO', 'humble'), ('COLCON_PREFIX_PATH', '/home/bruno/dev_ws/install'), ('IM_CONFIG_PHASE', '1'), ('LOGNAME', 'bruno'), ('_', '/usr/bin/make'), ('ROS_VERSION', '2'), ('XDG_SESSION_CLASS', 'user'), ('USERNAME', 'bruno'), ('TERM', 'xterm-256color'), ('GNOME_DESKTOP_SESSION_ID', 'this-is-deprecated'), ('ROS_LOCALHOST_ONLY', '0'), ('PATH', '/opt/ros/humble/bin:/usr/local/sbin:/usr/local/bin:/usr/sbin:/usr/bin:/sbin:/bin:/usr/games:/usr/local/games:/snap/bin:/snap/bin'), ('SESSION_MANAGER', 'local/bruno-Aspire:@/tmp/.ICE-unix/1047,unix/bruno-Aspire:/tmp/.ICE-unix/1047'), ('GNOME_TERMINAL_SCREEN', '/org/gnome/Terminal/screen/a68dccba_79cc_4ced_be96_56a0630cedc6'), ('GNOME_SETUP_DISPLAY', ':1'), ('XDG_RUNTIME_DIR', '/run/user/1000'), ('XDG_MENU_PREFIX', 'gnome-'), ('MAKELEVEL', '1'), ('DISPLAY', ':0'), ('LANG', 'pt_BR.UTF-8'), ('XDG_CURRENT_DESKTOP', 'ubuntu:GNOME'), ('XAUTHORITY', '/run/user/1000/.mutter-Xwaylandauth.6ENSX1'), ('GNOME_TERMINAL_SERVICE', ':1.197'), ('XDG_SESSION_DESKTOP', 'ubuntu'), ('XMODIFIERS', '@im=ibus'), ('SSH_AGENT_LAUNCHER', 'gnome-keyring'), ('AMENT_PREFIX_PATH', '/home/bruno/dev_ws/install/my_bot:/opt/ros/humble'), ('SSH_AUTH_SOCK', '/run/user/1000/keyring/ssh'), ('SHELL', '/bin/bash'), ('QT_ACCESSIBILITY', '1'), ('MAKE_TERMOUT', '/dev/pts/0'), ('GDMSESSION', 'ubuntu'), ('QT_IM_MODULE', 'ibus'), ('LC_ALL', 'pt_BR.UTF-8'), ('PWD', '/home/bruno/dev_ws/build/my_bot'), ('XDG_DATA_DIRS', '/usr/share/ubuntu:/usr/local/share/:/usr/share/:/var/lib/snapd/desktop'), ('XDG_CONFIG_DIRS', '/etc/xdg/xdg-ubuntu:/etc/xdg'), ('PYTHONPATH', '/opt/ros/humble/lib/python3.10/site-packages:/opt/ros/humble/local/lib/python3.10/dist-packages'), ('MFLAGS', ''), ('COLCON', '1'), ('VTE_VERSION', '6800'), ('CMAKE_PREFIX_PATH', '/home/bruno/dev_ws/install/my_bot:/opt/ros/humble')]), 'shell': False}
[0.077995] (my_bot) StdoutLine: {'line': b'-- Install configuration: ""\n'}
[0.078422] (my_bot) StdoutLine: {'line': b'-- Execute custom install script\n'}
[0.078812] (my_bot) StdoutLine: {'line': b'-- Up-to-date symlink: /home/bruno/dev_ws/install/my_bot/share/my_bot/config/drive_bot_rviz.rviz\n'}
[0.079001] (my_bot) StdoutLine: {'line': b'-- Up-to-date symlink: /home/bruno/dev_ws/install/my_bot/share/my_bot/config/empty.yaml\n'}
[0.079177] (my_bot) StdoutLine: {'line': b'-- Up-to-date symlink: /home/bruno/dev_ws/install/my_bot/share/my_bot/description/gazebo_control.xacro\n'}
[0.079339] (my_bot) StdoutLine: {'line': b'-- Up-to-date symlink: /home/bruno/dev_ws/install/my_bot/share/my_bot/description/inertial_macros.xacro\n'}
[0.079411] (my_bot) StdoutLine: {'line': b'-- Up-to-date symlink: /home/bruno/dev_ws/install/my_bot/share/my_bot/description/robot.urdf.xacro\n'}
[0.079531] (my_bot) StdoutLine: {'line': b'-- Up-to-date symlink: /home/bruno/dev_ws/install/my_bot/share/my_bot/description/robot_core.xacro\n'}
[0.079595] (my_bot) StdoutLine: {'line': b'-- Up-to-date symlink: /home/bruno/dev_ws/install/my_bot/share/my_bot/description/sensor.xacro\n'}
[0.079730] (my_bot) StdoutLine: {'line': b'-- Up-to-date symlink: /home/bruno/dev_ws/install/my_bot/share/my_bot/launch/launch_sim.launch.py\n'}
[0.079855] (my_bot) StdoutLine: {'line': b'-- Up-to-date symlink: /home/bruno/dev_ws/install/my_bot/share/my_bot/launch/rsp.launch.py\n'}
[0.079960] (my_bot) StdoutLine: {'line': b'-- Up-to-date symlink: /home/bruno/dev_ws/install/my_bot/share/my_bot/worlds/empty.world\n'}
[0.080050] (my_bot) StdoutLine: {'line': b'-- Up-to-date symlink: /home/bruno/dev_ws/install/my_bot/share/my_bot/worlds/obstacle.world\n'}
[0.080247] (my_bot) StdoutLine: {'line': b'-- Up-to-date symlink: /home/bruno/dev_ws/install/my_bot/share/ament_index/resource_index/package_run_dependencies/my_bot\n'}
[0.080369] (my_bot) StdoutLine: {'line': b'-- Up-to-date symlink: /home/bruno/dev_ws/install/my_bot/share/ament_index/resource_index/parent_prefix_path/my_bot\n'}
[0.080516] (my_bot) StdoutLine: {'line': b'-- Up-to-date symlink: /home/bruno/dev_ws/install/my_bot/share/my_bot/environment/ament_prefix_path.sh\n'}
[0.080764] (my_bot) StdoutLine: {'line': b'-- Up-to-date symlink: /home/bruno/dev_ws/install/my_bot/share/my_bot/environment/ament_prefix_path.dsv\n'}
[0.080867] (my_bot) StdoutLine: {'line': b'-- Up-to-date symlink: /home/bruno/dev_ws/install/my_bot/share/my_bot/environment/path.sh\n'}
[0.081002] (my_bot) StdoutLine: {'line': b'-- Up-to-date symlink: /home/bruno/dev_ws/install/my_bot/share/my_bot/environment/path.dsv\n'}
[0.081147] (my_bot) StdoutLine: {'line': b'-- Up-to-date symlink: /home/bruno/dev_ws/install/my_bot/share/my_bot/local_setup.bash\n'}
[0.081282] (my_bot) StdoutLine: {'line': b'-- Up-to-date symlink: /home/bruno/dev_ws/install/my_bot/share/my_bot/local_setup.sh\n'}
[0.081417] (my_bot) StdoutLine: {'line': b'-- Up-to-date symlink: /home/bruno/dev_ws/install/my_bot/share/my_bot/local_setup.zsh\n'}
[0.081547] (my_bot) StdoutLine: {'line': b'-- Up-to-date symlink: /home/bruno/dev_ws/install/my_bot/share/my_bot/local_setup.dsv\n'}
[0.081652] (my_bot) StdoutLine: {'line': b'-- Symlinking: /home/bruno/dev_ws/install/my_bot/share/my_bot/package.dsv\n'}
[0.088269] (my_bot) StdoutLine: {'line': b'-- Up-to-date symlink: /home/bruno/dev_ws/install/my_bot/share/ament_index/resource_index/packages/my_bot\n'}
[0.088446] (my_bot) StdoutLine: {'line': b'-- Up-to-date symlink: /home/bruno/dev_ws/install/my_bot/share/my_bot/cmake/my_botConfig.cmake\n'}
[0.088536] (my_bot) StdoutLine: {'line': b'-- Up-to-date symlink: /home/bruno/dev_ws/install/my_bot/share/my_bot/cmake/my_botConfig-version.cmake\n'}
[0.088637] (my_bot) StdoutLine: {'line': b'-- Up-to-date symlink: /home/bruno/dev_ws/install/my_bot/share/my_bot/package.xml\n'}
[0.090908] (my_bot) CommandEnded: {'returncode': 0}
[0.102322] (-) TimerEvent: {}
[0.134200] (my_bot) JobEnded: {'identifier': 'my_bot', 'rc': 0}
[0.134888] (-) EventReactorShutdown: {}
