[0.013s] Invoking command in '/home/bruno/dev_ws/build/my_bot': CMAKE_PREFIX_PATH=${CMAKE_PREFIX_PATH}:/opt/ros/humble /usr/bin/cmake --build /home/bruno/dev_ws/build/my_bot -- -j8 -l8
[0.019s] gmake[1]: Entrando no diretório '/home/bruno/dev_ws/build/my_bot'
[0.039s] gmake[1]: Saindo do diretório '/home/bruno/dev_ws/build/my_bot'
[0.040s] Invoked command in '/home/bruno/dev_ws/build/my_bot' returned '0': CMAKE_PREFIX_PATH=${CMAKE_PREFIX_PATH}:/opt/ros/humble /usr/bin/cmake --build /home/bruno/dev_ws/build/my_bot -- -j8 -l8
[0.062s] Invoking command in '/home/bruno/dev_ws/build/my_bot': CMAKE_PREFIX_PATH=${CMAKE_PREFIX_PATH}:/opt/ros/humble /usr/bin/cmake --install /home/bruno/dev_ws/build/my_bot
[0.067s] -- Install configuration: ""
[0.068s] -- Execute custom install script
[0.068s] -- Up-to-date symlink: /home/bruno/dev_ws/install/my_bot/share/my_bot/config/drive_bot_rviz.rviz
[0.068s] -- Up-to-date symlink: /home/bruno/dev_ws/install/my_bot/share/my_bot/config/empty.yaml
[0.068s] -- Up-to-date symlink: /home/bruno/dev_ws/install/my_bot/share/my_bot/description/gazebo_control.xacro
[0.068s] -- Up-to-date symlink: /home/bruno/dev_ws/install/my_bot/share/my_bot/description/inertial_macros.xacro
[0.069s] -- Up-to-date symlink: /home/bruno/dev_ws/install/my_bot/share/my_bot/description/robot.urdf.xacro
[0.069s] -- Up-to-date symlink: /home/bruno/dev_ws/install/my_bot/share/my_bot/description/robot_core.xacro
[0.069s] -- Up-to-date symlink: /home/bruno/dev_ws/install/my_bot/share/my_bot/description/sensor.xacro
[0.069s] -- Up-to-date symlink: /home/bruno/dev_ws/install/my_bot/share/my_bot/launch/launch_sim.launch.py
[0.069s] -- Up-to-date symlink: /home/bruno/dev_ws/install/my_bot/share/my_bot/launch/rsp.launch.py
[0.069s] -- Up-to-date symlink: /home/bruno/dev_ws/install/my_bot/share/my_bot/worlds/empty.world
[0.069s] -- Up-to-date symlink: /home/bruno/dev_ws/install/my_bot/share/my_bot/worlds/obstacle.world
[0.069s] -- Up-to-date symlink: /home/bruno/dev_ws/install/my_bot/share/ament_index/resource_index/package_run_dependencies/my_bot
[0.070s] -- Up-to-date symlink: /home/bruno/dev_ws/install/my_bot/share/ament_index/resource_index/parent_prefix_path/my_bot
[0.070s] -- Up-to-date symlink: /home/bruno/dev_ws/install/my_bot/share/my_bot/environment/ament_prefix_path.sh
[0.070s] -- Up-to-date symlink: /home/bruno/dev_ws/install/my_bot/share/my_bot/environment/ament_prefix_path.dsv
[0.070s] -- Up-to-date symlink: /home/bruno/dev_ws/install/my_bot/share/my_bot/environment/path.sh
[0.070s] -- Up-to-date symlink: /home/bruno/dev_ws/install/my_bot/share/my_bot/environment/path.dsv
[0.070s] -- Up-to-date symlink: /home/bruno/dev_ws/install/my_bot/share/my_bot/local_setup.bash
[0.070s] -- Up-to-date symlink: /home/bruno/dev_ws/install/my_bot/share/my_bot/local_setup.sh
[0.071s] -- Up-to-date symlink: /home/bruno/dev_ws/install/my_bot/share/my_bot/local_setup.zsh
[0.071s] -- Up-to-date symlink: /home/bruno/dev_ws/install/my_bot/share/my_bot/local_setup.dsv
[0.071s] -- Symlinking: /home/bruno/dev_ws/install/my_bot/share/my_bot/package.dsv
[0.078s] -- Up-to-date symlink: /home/bruno/dev_ws/install/my_bot/share/ament_index/resource_index/packages/my_bot
[0.078s] -- Up-to-date symlink: /home/bruno/dev_ws/install/my_bot/share/my_bot/cmake/my_botConfig.cmake
[0.078s] -- Up-to-date symlink: /home/bruno/dev_ws/install/my_bot/share/my_bot/cmake/my_botConfig-version.cmake
[0.078s] -- Up-to-date symlink: /home/bruno/dev_ws/install/my_bot/share/my_bot/package.xml
[0.080s] Invoked command in '/home/bruno/dev_ws/build/my_bot' returned '0': CMAKE_PREFIX_PATH=${CMAKE_PREFIX_PATH}:/opt/ros/humble /usr/bin/cmake --install /home/bruno/dev_ws/build/my_bot
